mode: set
github.com/jeevanions/lang-portal/backend-go/cmd/server/main.go:29.13,38.16 4 0
github.com/jeevanions/lang-portal/backend-go/cmd/server/main.go:38.16,40.3 1 0
github.com/jeevanions/lang-portal/backend-go/cmd/server/main.go:41.2,56.12 5 0
github.com/jeevanions/lang-portal/backend-go/cmd/server/main.go:56.12,57.77 1 0
github.com/jeevanions/lang-portal/backend-go/cmd/server/main.go:57.77,59.4 1 0
github.com/jeevanions/lang-portal/backend-go/cmd/server/main.go:63.2,72.42 7 0
github.com/jeevanions/lang-portal/backend-go/cmd/server/main.go:72.42,74.3 1 0
github.com/jeevanions/lang-portal/backend-go/cmd/server/main.go:76.2,76.34 1 0
github.com/jeevanions/lang-portal/backend-go/docs/docs.go:1097.13,1099.2 1 0
github.com/jeevanions/lang-portal/backend-go/internal/api/router/router.go:19.80,34.40 3 0
github.com/jeevanions/lang-portal/backend-go/internal/api/router/router.go:34.40,36.3 1 0
github.com/jeevanions/lang-portal/backend-go/internal/api/router/router.go:39.2,58.2 14 0
github.com/jeevanions/lang-portal/backend-go/internal/api/router/router.go:58.2,61.3 2 0
github.com/jeevanions/lang-portal/backend-go/internal/api/router/router.go:61.3,65.4 3 0
github.com/jeevanions/lang-portal/backend-go/internal/api/router/router.go:68.3,69.3 2 0
github.com/jeevanions/lang-portal/backend-go/internal/api/router/router.go:69.3,74.4 4 0
github.com/jeevanions/lang-portal/backend-go/internal/api/router/router.go:77.3,78.3 2 0
github.com/jeevanions/lang-portal/backend-go/internal/api/router/router.go:78.3,81.4 2 0
github.com/jeevanions/lang-portal/backend-go/internal/api/router/router.go:84.3,89.3 4 0
github.com/jeevanions/lang-portal/backend-go/internal/api/router/router.go:89.3,93.4 3 0
github.com/jeevanions/lang-portal/backend-go/internal/api/router/router.go:96.3,97.3 2 0
github.com/jeevanions/lang-portal/backend-go/internal/api/router/router.go:97.3,102.4 4 0
github.com/jeevanions/lang-portal/backend-go/internal/api/router/router.go:106.2,111.10 2 0
github.com/jeevanions/lang-portal/backend-go/internal/db/sqlc/db.go:19.28,21.2 1 0
github.com/jeevanions/lang-portal/backend-go/internal/db/sqlc/db.go:27.47,31.2 1 0
github.com/jeevanions/lang-portal/backend-go/internal/db/sqlc/study_activities.sql.go:18.78,28.2 4 0
github.com/jeevanions/lang-portal/backend-go/internal/db/sqlc/study_activities.sql.go:43.106,48.2 4 0
github.com/jeevanions/lang-portal/backend-go/internal/db/sqlc/study_activities.sql.go:55.94,67.2 4 0
github.com/jeevanions/lang-portal/backend-go/internal/db/sqlc/study_activities.sql.go:89.122,91.16 2 0
github.com/jeevanions/lang-portal/backend-go/internal/db/sqlc/study_activities.sql.go:91.16,93.3 1 0
github.com/jeevanions/lang-portal/backend-go/internal/db/sqlc/study_activities.sql.go:94.2,96.18 3 0
github.com/jeevanions/lang-portal/backend-go/internal/db/sqlc/study_activities.sql.go:96.18,103.17 2 0
github.com/jeevanions/lang-portal/backend-go/internal/db/sqlc/study_activities.sql.go:103.17,105.4 1 0
github.com/jeevanions/lang-portal/backend-go/internal/db/sqlc/study_activities.sql.go:106.3,106.27 1 0
github.com/jeevanions/lang-portal/backend-go/internal/db/sqlc/study_activities.sql.go:108.2,108.37 1 0
github.com/jeevanions/lang-portal/backend-go/internal/db/sqlc/study_activities.sql.go:108.37,110.3 1 0
github.com/jeevanions/lang-portal/backend-go/internal/db/sqlc/study_activities.sql.go:111.2,111.35 1 0
github.com/jeevanions/lang-portal/backend-go/internal/db/sqlc/study_activities.sql.go:111.35,113.3 1 0
github.com/jeevanions/lang-portal/backend-go/internal/db/sqlc/study_activities.sql.go:114.2,114.19 1 0
github.com/jeevanions/lang-portal/backend-go/internal/db/sqlc/word_reviews.sql.go:17.114,19.16 2 0
github.com/jeevanions/lang-portal/backend-go/internal/db/sqlc/word_reviews.sql.go:19.16,21.3 1 0
github.com/jeevanions/lang-portal/backend-go/internal/db/sqlc/word_reviews.sql.go:22.2,24.18 3 0
github.com/jeevanions/lang-portal/backend-go/internal/db/sqlc/word_reviews.sql.go:24.18,32.17 2 0
github.com/jeevanions/lang-portal/backend-go/internal/db/sqlc/word_reviews.sql.go:32.17,34.4 1 0
github.com/jeevanions/lang-portal/backend-go/internal/db/sqlc/word_reviews.sql.go:35.3,35.27 1 0
github.com/jeevanions/lang-portal/backend-go/internal/db/sqlc/word_reviews.sql.go:37.2,37.37 1 0
github.com/jeevanions/lang-portal/backend-go/internal/db/sqlc/word_reviews.sql.go:37.37,39.3 1 0
github.com/jeevanions/lang-portal/backend-go/internal/db/sqlc/word_reviews.sql.go:40.2,40.35 1 0
github.com/jeevanions/lang-portal/backend-go/internal/db/sqlc/word_reviews.sql.go:40.35,42.3 1 0
github.com/jeevanions/lang-portal/backend-go/internal/db/sqlc/word_reviews.sql.go:43.2,43.19 1 0
github.com/jeevanions/lang-portal/backend-go/internal/db/sqlc/words.sql.go:27.87,40.2 4 0
github.com/jeevanions/lang-portal/backend-go/internal/db/sqlc/words.sql.go:47.67,50.2 2 0
github.com/jeevanions/lang-portal/backend-go/internal/db/sqlc/words.sql.go:57.72,70.2 4 0
github.com/jeevanions/lang-portal/backend-go/internal/db/sqlc/words.sql.go:77.66,79.16 2 0
github.com/jeevanions/lang-portal/backend-go/internal/db/sqlc/words.sql.go:79.16,81.3 1 0
github.com/jeevanions/lang-portal/backend-go/internal/db/sqlc/words.sql.go:82.2,84.18 3 0
github.com/jeevanions/lang-portal/backend-go/internal/db/sqlc/words.sql.go:84.18,94.17 2 0
github.com/jeevanions/lang-portal/backend-go/internal/db/sqlc/words.sql.go:94.17,96.4 1 0
github.com/jeevanions/lang-portal/backend-go/internal/db/sqlc/words.sql.go:97.3,97.27 1 0
github.com/jeevanions/lang-portal/backend-go/internal/db/sqlc/words.sql.go:99.2,99.37 1 0
github.com/jeevanions/lang-portal/backend-go/internal/db/sqlc/words.sql.go:99.37,101.3 1 0
github.com/jeevanions/lang-portal/backend-go/internal/db/sqlc/words.sql.go:102.2,102.35 1 0
github.com/jeevanions/lang-portal/backend-go/internal/db/sqlc/words.sql.go:102.35,104.3 1 0
github.com/jeevanions/lang-portal/backend-go/internal/db/sqlc/words.sql.go:105.2,105.19 1 0
github.com/jeevanions/lang-portal/backend-go/internal/db/sqlc/words.sql.go:122.87,140.2 4 0
github.com/jeevanions/lang-portal/backend-go/internal/config/config.go:16.21,24.2 2 0
github.com/jeevanions/lang-portal/backend-go/internal/config/config.go:26.55,27.42 1 0
github.com/jeevanions/lang-portal/backend-go/internal/config/config.go:27.42,29.3 1 0
github.com/jeevanions/lang-portal/backend-go/internal/config/config.go:30.2,30.21 1 0
github.com/jeevanions/lang-portal/backend-go/internal/db/seeder/seeder.go:16.51,18.2 1 0
github.com/jeevanions/lang-portal/backend-go/internal/db/seeder/seeder.go:48.53,51.16 2 0
github.com/jeevanions/lang-portal/backend-go/internal/db/seeder/seeder.go:51.16,53.3 1 0
github.com/jeevanions/lang-portal/backend-go/internal/db/seeder/seeder.go:54.2,58.16 3 0
github.com/jeevanions/lang-portal/backend-go/internal/db/seeder/seeder.go:58.16,60.3 1 0
github.com/jeevanions/lang-portal/backend-go/internal/db/seeder/seeder.go:62.2,62.31 1 0
github.com/jeevanions/lang-portal/backend-go/internal/db/seeder/seeder.go:62.31,67.17 2 0
github.com/jeevanions/lang-portal/backend-go/internal/db/seeder/seeder.go:67.17,69.4 1 0
github.com/jeevanions/lang-portal/backend-go/internal/db/seeder/seeder.go:73.2,74.16 2 0
github.com/jeevanions/lang-portal/backend-go/internal/db/seeder/seeder.go:74.16,76.3 1 0
github.com/jeevanions/lang-portal/backend-go/internal/db/seeder/seeder.go:78.2,78.29 1 0
github.com/jeevanions/lang-portal/backend-go/internal/db/seeder/seeder.go:78.29,83.17 2 0
github.com/jeevanions/lang-portal/backend-go/internal/db/seeder/seeder.go:83.17,85.4 1 0
github.com/jeevanions/lang-portal/backend-go/internal/db/seeder/seeder.go:89.2,90.16 2 0
github.com/jeevanions/lang-portal/backend-go/internal/db/seeder/seeder.go:90.16,92.3 1 0
github.com/jeevanions/lang-portal/backend-go/internal/db/seeder/seeder.go:94.2,94.32 1 0
github.com/jeevanions/lang-portal/backend-go/internal/db/seeder/seeder.go:94.32,99.17 2 0
github.com/jeevanions/lang-portal/backend-go/internal/db/seeder/seeder.go:99.17,101.4 1 0
github.com/jeevanions/lang-portal/backend-go/internal/db/seeder/seeder.go:105.2,106.16 2 0
github.com/jeevanions/lang-portal/backend-go/internal/db/seeder/seeder.go:106.16,108.3 1 0
github.com/jeevanions/lang-portal/backend-go/internal/db/seeder/seeder.go:110.2,110.38 1 0
github.com/jeevanions/lang-portal/backend-go/internal/db/seeder/seeder.go:110.38,115.17 2 0
github.com/jeevanions/lang-portal/backend-go/internal/db/seeder/seeder.go:115.17,117.4 1 0
github.com/jeevanions/lang-portal/backend-go/internal/db/seeder/seeder.go:121.2,121.36 1 0
github.com/jeevanions/lang-portal/backend-go/internal/db/seeder/seeder.go:121.36,123.3 1 0
github.com/jeevanions/lang-portal/backend-go/internal/db/seeder/seeder.go:125.2,125.12 1 0
github.com/jeevanions/lang-portal/backend-go/internal/db/seeder/seeder.go:128.59,132.46 2 0
github.com/jeevanions/lang-portal/backend-go/internal/db/seeder/seeder.go:132.46,134.3 1 0
github.com/jeevanions/lang-portal/backend-go/internal/db/seeder/seeder.go:135.2,135.25 1 0
github.com/jeevanions/lang-portal/backend-go/internal/db/seeder/seeder.go:138.57,142.46 2 0
github.com/jeevanions/lang-portal/backend-go/internal/db/seeder/seeder.go:142.46,144.3 1 0
github.com/jeevanions/lang-portal/backend-go/internal/db/seeder/seeder.go:145.2,145.24 1 0
github.com/jeevanions/lang-portal/backend-go/internal/db/seeder/seeder.go:148.67,152.46 2 0
github.com/jeevanions/lang-portal/backend-go/internal/db/seeder/seeder.go:152.46,154.3 1 0
github.com/jeevanions/lang-portal/backend-go/internal/db/seeder/seeder.go:155.2,155.29 1 0
github.com/jeevanions/lang-portal/backend-go/internal/db/seeder/seeder.go:158.76,162.46 2 0
github.com/jeevanions/lang-portal/backend-go/internal/db/seeder/seeder.go:162.46,164.3 1 0
github.com/jeevanions/lang-portal/backend-go/internal/db/seeder/seeder.go:165.2,165.29 1 0
github.com/jeevanions/lang-portal/backend-go/internal/db/seeder/seeder.go:168.49,170.16 2 0
github.com/jeevanions/lang-portal/backend-go/internal/db/seeder/seeder.go:170.16,172.3 1 0
github.com/jeevanions/lang-portal/backend-go/internal/db/seeder/seeder.go:174.2,174.48 1 0
github.com/jeevanions/lang-portal/backend-go/internal/db/seeder/seeder.go:174.48,176.3 1 0
github.com/jeevanions/lang-portal/backend-go/internal/db/seeder/seeder.go:178.2,178.12 1 0
github.com/jeevanions/lang-portal/backend-go/internal/db/repository/group_repository.go:9.92,19.16 3 0
github.com/jeevanions/lang-portal/backend-go/internal/db/repository/group_repository.go:19.16,21.3 1 0
github.com/jeevanions/lang-portal/backend-go/internal/db/repository/group_repository.go:22.2,25.18 3 0
github.com/jeevanions/lang-portal/backend-go/internal/db/repository/group_repository.go:25.18,32.17 3 0
github.com/jeevanions/lang-portal/backend-go/internal/db/repository/group_repository.go:32.17,34.4 1 0
github.com/jeevanions/lang-portal/backend-go/internal/db/repository/group_repository.go:35.3,35.33 1 0
github.com/jeevanions/lang-portal/backend-go/internal/db/repository/group_repository.go:39.2,42.16 4 0
github.com/jeevanions/lang-portal/backend-go/internal/db/repository/group_repository.go:42.16,44.3 1 0
github.com/jeevanions/lang-portal/backend-go/internal/db/repository/group_repository.go:46.2,54.8 1 0
github.com/jeevanions/lang-portal/backend-go/internal/db/repository/group_repository.go:57.88,72.26 4 0
github.com/jeevanions/lang-portal/backend-go/internal/db/repository/group_repository.go:72.26,74.3 1 0
github.com/jeevanions/lang-portal/backend-go/internal/db/repository/group_repository.go:75.2,75.16 1 0
github.com/jeevanions/lang-portal/backend-go/internal/db/repository/group_repository.go:75.16,77.3 1 0
github.com/jeevanions/lang-portal/backend-go/internal/db/repository/group_repository.go:79.2,79.20 1 0
github.com/jeevanions/lang-portal/backend-go/internal/db/repository/group_repository.go:82.112,97.16 3 0
github.com/jeevanions/lang-portal/backend-go/internal/db/repository/group_repository.go:97.16,99.3 1 0
github.com/jeevanions/lang-portal/backend-go/internal/db/repository/group_repository.go:100.2,103.18 3 0
github.com/jeevanions/lang-portal/backend-go/internal/db/repository/group_repository.go:103.18,114.17 4 0
github.com/jeevanions/lang-portal/backend-go/internal/db/repository/group_repository.go:114.17,116.4 1 0
github.com/jeevanions/lang-portal/backend-go/internal/db/repository/group_repository.go:117.3,117.30 1 0
github.com/jeevanions/lang-portal/backend-go/internal/db/repository/group_repository.go:121.2,129.16 4 0
github.com/jeevanions/lang-portal/backend-go/internal/db/repository/group_repository.go:129.16,131.3 1 0
github.com/jeevanions/lang-portal/backend-go/internal/db/repository/group_repository.go:133.2,141.8 1 0
github.com/jeevanions/lang-portal/backend-go/internal/db/repository/group_repository.go:144.128,162.16 3 0
github.com/jeevanions/lang-portal/backend-go/internal/db/repository/group_repository.go:162.16,164.3 1 0
github.com/jeevanions/lang-portal/backend-go/internal/db/repository/group_repository.go:165.2,168.18 3 0
github.com/jeevanions/lang-portal/backend-go/internal/db/repository/group_repository.go:168.18,178.17 3 0
github.com/jeevanions/lang-portal/backend-go/internal/db/repository/group_repository.go:178.17,180.4 1 0
github.com/jeevanions/lang-portal/backend-go/internal/db/repository/group_repository.go:181.3,181.39 1 0
github.com/jeevanions/lang-portal/backend-go/internal/db/repository/group_repository.go:185.2,188.16 4 0
github.com/jeevanions/lang-portal/backend-go/internal/db/repository/group_repository.go:188.16,190.3 1 0
github.com/jeevanions/lang-portal/backend-go/internal/db/repository/group_repository.go:192.2,200.8 1 0
github.com/jeevanions/lang-portal/backend-go/internal/db/repository/repository.go:56.41,58.2 1 0
github.com/jeevanions/lang-portal/backend-go/internal/db/repository/repository.go:60.54,62.16 2 0
github.com/jeevanions/lang-portal/backend-go/internal/db/repository/repository.go:62.16,64.3 1 0
github.com/jeevanions/lang-portal/backend-go/internal/db/repository/repository.go:67.2,71.39 4 0
github.com/jeevanions/lang-portal/backend-go/internal/db/repository/repository.go:74.42,76.2 1 0
github.com/jeevanions/lang-portal/backend-go/internal/db/repository/repository.go:78.93,100.26 4 0
github.com/jeevanions/lang-portal/backend-go/internal/db/repository/repository.go:100.26,102.3 1 0
github.com/jeevanions/lang-portal/backend-go/internal/db/repository/repository.go:103.2,103.16 1 0
github.com/jeevanions/lang-portal/backend-go/internal/db/repository/repository.go:103.16,105.3 1 0
github.com/jeevanions/lang-portal/backend-go/internal/db/repository/repository.go:107.2,107.22 1 0
github.com/jeevanions/lang-portal/backend-go/internal/db/repository/repository.go:110.87,122.16 4 0
github.com/jeevanions/lang-portal/backend-go/internal/db/repository/repository.go:122.16,124.3 1 0
github.com/jeevanions/lang-portal/backend-go/internal/db/repository/repository.go:126.2,126.23 1 0
github.com/jeevanions/lang-portal/backend-go/internal/db/repository/repository.go:129.81,161.16 4 0
github.com/jeevanions/lang-portal/backend-go/internal/db/repository/repository.go:161.16,163.3 1 0
github.com/jeevanions/lang-portal/backend-go/internal/db/repository/repository.go:165.2,165.20 1 0
github.com/jeevanions/lang-portal/backend-go/internal/db/repository/repository.go:168.86,183.26 4 0
github.com/jeevanions/lang-portal/backend-go/internal/db/repository/repository.go:183.26,185.3 1 0
github.com/jeevanions/lang-portal/backend-go/internal/db/repository/repository.go:186.2,186.16 1 0
github.com/jeevanions/lang-portal/backend-go/internal/db/repository/repository.go:186.16,188.3 1 0
github.com/jeevanions/lang-portal/backend-go/internal/db/repository/repository.go:190.2,190.23 1 0
github.com/jeevanions/lang-portal/backend-go/internal/db/repository/repository.go:193.121,203.16 3 0
github.com/jeevanions/lang-portal/backend-go/internal/db/repository/repository.go:203.16,205.3 1 0
github.com/jeevanions/lang-portal/backend-go/internal/db/repository/repository.go:206.2,209.18 3 0
github.com/jeevanions/lang-portal/backend-go/internal/db/repository/repository.go:209.18,217.17 3 0
github.com/jeevanions/lang-portal/backend-go/internal/db/repository/repository.go:217.17,219.4 1 0
github.com/jeevanions/lang-portal/backend-go/internal/db/repository/repository.go:220.3,220.39 1 0
github.com/jeevanions/lang-portal/backend-go/internal/db/repository/repository.go:223.2,223.29 1 0
github.com/jeevanions/lang-portal/backend-go/internal/db/repository/repository.go:226.122,244.16 3 0
github.com/jeevanions/lang-portal/backend-go/internal/db/repository/repository.go:244.16,246.3 1 0
github.com/jeevanions/lang-portal/backend-go/internal/db/repository/repository.go:247.2,251.18 3 0
github.com/jeevanions/lang-portal/backend-go/internal/db/repository/repository.go:251.18,262.17 4 0
github.com/jeevanions/lang-portal/backend-go/internal/db/repository/repository.go:262.17,264.4 1 0
github.com/jeevanions/lang-portal/backend-go/internal/db/repository/repository.go:266.3,266.23 1 0
github.com/jeevanions/lang-portal/backend-go/internal/db/repository/repository.go:266.23,269.18 3 0
github.com/jeevanions/lang-portal/backend-go/internal/db/repository/repository.go:269.18,271.5 1 0
github.com/jeevanions/lang-portal/backend-go/internal/db/repository/repository.go:272.4,272.22 1 0
github.com/jeevanions/lang-portal/backend-go/internal/db/repository/repository.go:275.3,275.31 1 0
github.com/jeevanions/lang-portal/backend-go/internal/db/repository/repository.go:279.2,288.16 4 0
github.com/jeevanions/lang-portal/backend-go/internal/db/repository/repository.go:288.16,290.3 1 0
github.com/jeevanions/lang-portal/backend-go/internal/db/repository/repository.go:292.2,292.26 1 0
github.com/jeevanions/lang-portal/backend-go/internal/db/repository/repository.go:295.104,303.16 3 0
github.com/jeevanions/lang-portal/backend-go/internal/db/repository/repository.go:303.16,305.3 1 0
github.com/jeevanions/lang-portal/backend-go/internal/db/repository/repository.go:306.2,309.18 3 0
github.com/jeevanions/lang-portal/backend-go/internal/db/repository/repository.go:309.18,318.17 3 0
github.com/jeevanions/lang-portal/backend-go/internal/db/repository/repository.go:318.17,320.4 1 0
github.com/jeevanions/lang-portal/backend-go/internal/db/repository/repository.go:321.3,321.36 1 0
github.com/jeevanions/lang-portal/backend-go/internal/db/repository/repository.go:324.2,324.28 1 0
github.com/jeevanions/lang-portal/backend-go/internal/db/repository/repository.go:328.90,336.2 3 0
github.com/jeevanions/lang-portal/backend-go/internal/db/repository/settings_repository.go:3.49,5.16 2 0
github.com/jeevanions/lang-portal/backend-go/internal/db/repository/settings_repository.go:5.16,7.3 1 0
github.com/jeevanions/lang-portal/backend-go/internal/db/repository/settings_repository.go:8.2,12.16 3 0
github.com/jeevanions/lang-portal/backend-go/internal/db/repository/settings_repository.go:12.16,14.3 1 0
github.com/jeevanions/lang-portal/backend-go/internal/db/repository/settings_repository.go:16.2,17.16 2 0
github.com/jeevanions/lang-portal/backend-go/internal/db/repository/settings_repository.go:17.16,19.3 1 0
github.com/jeevanions/lang-portal/backend-go/internal/db/repository/settings_repository.go:22.2,33.16 2 0
github.com/jeevanions/lang-portal/backend-go/internal/db/repository/settings_repository.go:33.16,35.3 1 0
github.com/jeevanions/lang-portal/backend-go/internal/db/repository/settings_repository.go:37.2,37.20 1 0
github.com/jeevanions/lang-portal/backend-go/internal/db/repository/settings_repository.go:40.50,42.16 2 0
github.com/jeevanions/lang-portal/backend-go/internal/db/repository/settings_repository.go:42.16,44.3 1 0
github.com/jeevanions/lang-portal/backend-go/internal/db/repository/settings_repository.go:45.2,58.31 3 0
github.com/jeevanions/lang-portal/backend-go/internal/db/repository/settings_repository.go:58.31,60.17 2 0
github.com/jeevanions/lang-portal/backend-go/internal/db/repository/settings_repository.go:60.17,62.4 1 0
github.com/jeevanions/lang-portal/backend-go/internal/db/repository/settings_repository.go:65.2,65.20 1 0
github.com/jeevanions/lang-portal/backend-go/internal/db/repository/settings_repository.go:68.49,71.16 2 0
github.com/jeevanions/lang-portal/backend-go/internal/db/repository/settings_repository.go:71.16,73.3 1 0
github.com/jeevanions/lang-portal/backend-go/internal/db/repository/settings_repository.go:76.2,77.12 2 0
github.com/jeevanions/lang-portal/backend-go/internal/db/repository/settings_repository.go:80.61,140.2 1 0
github.com/jeevanions/lang-portal/backend-go/internal/db/repository/study_activity_repository.go:9.98,18.16 3 0
github.com/jeevanions/lang-portal/backend-go/internal/db/repository/study_activity_repository.go:18.16,20.3 1 0
github.com/jeevanions/lang-portal/backend-go/internal/db/repository/study_activity_repository.go:21.2,24.18 3 0
github.com/jeevanions/lang-portal/backend-go/internal/db/repository/study_activity_repository.go:24.18,34.17 3 0
github.com/jeevanions/lang-portal/backend-go/internal/db/repository/study_activity_repository.go:34.17,36.4 1 0
github.com/jeevanions/lang-portal/backend-go/internal/db/repository/study_activity_repository.go:37.3,37.44 1 0
github.com/jeevanions/lang-portal/backend-go/internal/db/repository/study_activity_repository.go:40.2,40.34 1 0
github.com/jeevanions/lang-portal/backend-go/internal/db/repository/study_activity_repository.go:40.34,42.3 1 0
github.com/jeevanions/lang-portal/backend-go/internal/db/repository/study_activity_repository.go:44.2,44.24 1 0
github.com/jeevanions/lang-portal/backend-go/internal/db/repository/study_activity_repository.go:47.127,49.16 2 0
github.com/jeevanions/lang-portal/backend-go/internal/db/repository/study_activity_repository.go:49.16,51.3 1 0
github.com/jeevanions/lang-portal/backend-go/internal/db/repository/study_activity_repository.go:52.2,60.16 4 0
github.com/jeevanions/lang-portal/backend-go/internal/db/repository/study_activity_repository.go:60.16,62.3 1 0
github.com/jeevanions/lang-portal/backend-go/internal/db/repository/study_activity_repository.go:64.2,65.16 2 0
github.com/jeevanions/lang-portal/backend-go/internal/db/repository/study_activity_repository.go:65.16,67.3 1 0
github.com/jeevanions/lang-portal/backend-go/internal/db/repository/study_activity_repository.go:70.2,75.16 3 0
github.com/jeevanions/lang-portal/backend-go/internal/db/repository/study_activity_repository.go:75.16,77.3 1 0
github.com/jeevanions/lang-portal/backend-go/internal/db/repository/study_activity_repository.go:79.2,80.16 2 0
github.com/jeevanions/lang-portal/backend-go/internal/db/repository/study_activity_repository.go:80.16,82.3 1 0
github.com/jeevanions/lang-portal/backend-go/internal/db/repository/study_activity_repository.go:84.2,84.35 1 0
github.com/jeevanions/lang-portal/backend-go/internal/db/repository/study_activity_repository.go:84.35,86.3 1 0
github.com/jeevanions/lang-portal/backend-go/internal/db/repository/study_activity_repository.go:88.2,93.8 1 0
github.com/jeevanions/lang-portal/backend-go/internal/db/repository/study_session_repository.go:7.98,20.16 3 0
github.com/jeevanions/lang-portal/backend-go/internal/db/repository/study_session_repository.go:20.16,22.3 1 0
github.com/jeevanions/lang-portal/backend-go/internal/db/repository/study_session_repository.go:23.2,26.18 3 0
github.com/jeevanions/lang-portal/backend-go/internal/db/repository/study_session_repository.go:26.18,34.17 3 0
github.com/jeevanions/lang-portal/backend-go/internal/db/repository/study_session_repository.go:34.17,36.4 1 0
github.com/jeevanions/lang-portal/backend-go/internal/db/repository/study_session_repository.go:37.3,37.39 1 0
github.com/jeevanions/lang-portal/backend-go/internal/db/repository/study_session_repository.go:40.2,40.22 1 0
github.com/jeevanions/lang-portal/backend-go/internal/db/repository/study_session_repository.go:43.65,47.2 3 0
github.com/jeevanions/lang-portal/backend-go/internal/db/repository/word_repository.go:10.90,23.16 3 0
github.com/jeevanions/lang-portal/backend-go/internal/db/repository/word_repository.go:23.16,25.3 1 0
github.com/jeevanions/lang-portal/backend-go/internal/db/repository/word_repository.go:26.2,29.18 3 0
github.com/jeevanions/lang-portal/backend-go/internal/db/repository/word_repository.go:29.18,40.17 4 0
github.com/jeevanions/lang-portal/backend-go/internal/db/repository/word_repository.go:40.17,42.4 1 0
github.com/jeevanions/lang-portal/backend-go/internal/db/repository/word_repository.go:44.3,44.71 1 0
github.com/jeevanions/lang-portal/backend-go/internal/db/repository/word_repository.go:44.71,46.4 1 0
github.com/jeevanions/lang-portal/backend-go/internal/db/repository/word_repository.go:47.3,47.30 1 0
github.com/jeevanions/lang-portal/backend-go/internal/db/repository/word_repository.go:51.2,54.16 4 0
github.com/jeevanions/lang-portal/backend-go/internal/db/repository/word_repository.go:54.16,56.3 1 0
github.com/jeevanions/lang-portal/backend-go/internal/db/repository/word_repository.go:58.2,66.8 1 0
github.com/jeevanions/lang-portal/backend-go/internal/db/repository/word_repository.go:69.80,91.26 5 0
github.com/jeevanions/lang-portal/backend-go/internal/db/repository/word_repository.go:91.26,93.3 1 0
github.com/jeevanions/lang-portal/backend-go/internal/db/repository/word_repository.go:94.2,94.16 1 0
github.com/jeevanions/lang-portal/backend-go/internal/db/repository/word_repository.go:94.16,96.3 1 0
github.com/jeevanions/lang-portal/backend-go/internal/db/repository/word_repository.go:99.2,99.70 1 0
github.com/jeevanions/lang-portal/backend-go/internal/db/repository/word_repository.go:99.70,101.3 1 0
github.com/jeevanions/lang-portal/backend-go/internal/db/repository/word_repository.go:103.2,103.19 1 0
github.com/jeevanions/lang-portal/backend-go/internal/domain/models/models.go:48.31,50.2 1 0
